0 info it worked if it ends with ok
1 verbose cli [ '/home/eduardo/.nvm/versions/node/v6.17.1/bin/node',
1 verbose cli   '/home/eduardo/.nvm/versions/node/v6.17.1/bin/npm',
1 verbose cli   'install' ]
2 info using npm@3.10.10
3 info using node@v6.17.1
4 silly loadCurrentTree Starting
5 silly install loadCurrentTree
6 silly install readLocalPackageData
7 silly install normalizeTree
8 silly loadCurrentTree Finishing
9 silly loadIdealTree Starting
10 silly install loadIdealTree
11 silly cloneCurrentTree Starting
12 silly install cloneCurrentTreeToIdealTree
13 silly cloneCurrentTree Finishing
14 silly loadShrinkwrap Starting
15 silly install loadShrinkwrap
16 silly loadShrinkwrap Finishing
17 silly loadAllDepsIntoIdealTree Starting
18 silly install loadAllDepsIntoIdealTree
19 silly fetchNamedPackageData cypress
20 silly mapToRegistry name cypress
21 silly mapToRegistry using default registry
22 silly mapToRegistry registry https://registry.npmjs.org/
23 silly mapToRegistry data Result {
23 silly mapToRegistry   raw: 'cypress',
23 silly mapToRegistry   scope: null,
23 silly mapToRegistry   escapedName: 'cypress',
23 silly mapToRegistry   name: 'cypress',
23 silly mapToRegistry   rawSpec: '',
23 silly mapToRegistry   spec: 'latest',
23 silly mapToRegistry   type: 'tag' }
24 silly mapToRegistry uri https://registry.npmjs.org/cypress
25 silly fetchNamedPackageData cypress-multi-reporters
26 silly mapToRegistry name cypress-multi-reporters
27 silly mapToRegistry using default registry
28 silly mapToRegistry registry https://registry.npmjs.org/
29 silly mapToRegistry data Result {
29 silly mapToRegistry   raw: 'cypress-multi-reporters',
29 silly mapToRegistry   scope: null,
29 silly mapToRegistry   escapedName: 'cypress-multi-reporters',
29 silly mapToRegistry   name: 'cypress-multi-reporters',
29 silly mapToRegistry   rawSpec: '',
29 silly mapToRegistry   spec: 'latest',
29 silly mapToRegistry   type: 'tag' }
30 silly mapToRegistry uri https://registry.npmjs.org/cypress-multi-reporters
31 silly fetchNamedPackageData eslint-config-trybe-fundamentals
32 silly mapToRegistry name eslint-config-trybe-fundamentals
33 silly mapToRegistry using default registry
34 silly mapToRegistry registry https://registry.npmjs.org/
35 silly mapToRegistry data Result {
35 silly mapToRegistry   raw: 'eslint-config-trybe-fundamentals',
35 silly mapToRegistry   scope: null,
35 silly mapToRegistry   escapedName: 'eslint-config-trybe-fundamentals',
35 silly mapToRegistry   name: 'eslint-config-trybe-fundamentals',
35 silly mapToRegistry   rawSpec: '',
35 silly mapToRegistry   spec: 'latest',
35 silly mapToRegistry   type: 'tag' }
36 silly mapToRegistry uri https://registry.npmjs.org/eslint-config-trybe-fundamentals
37 silly fetchNamedPackageData jest
38 silly mapToRegistry name jest
39 silly mapToRegistry using default registry
40 silly mapToRegistry registry https://registry.npmjs.org/
41 silly mapToRegistry data Result {
41 silly mapToRegistry   raw: 'jest',
41 silly mapToRegistry   scope: null,
41 silly mapToRegistry   escapedName: 'jest',
41 silly mapToRegistry   name: 'jest',
41 silly mapToRegistry   rawSpec: '',
41 silly mapToRegistry   spec: 'latest',
41 silly mapToRegistry   type: 'tag' }
42 silly mapToRegistry uri https://registry.npmjs.org/jest
43 silly fetchNamedPackageData mocha
44 silly mapToRegistry name mocha
45 silly mapToRegistry using default registry
46 silly mapToRegistry registry https://registry.npmjs.org/
47 silly mapToRegistry data Result {
47 silly mapToRegistry   raw: 'mocha',
47 silly mapToRegistry   scope: null,
47 silly mapToRegistry   escapedName: 'mocha',
47 silly mapToRegistry   name: 'mocha',
47 silly mapToRegistry   rawSpec: '',
47 silly mapToRegistry   spec: 'latest',
47 silly mapToRegistry   type: 'tag' }
48 silly mapToRegistry uri https://registry.npmjs.org/mocha
49 silly fetchNamedPackageData mochawesome
50 silly mapToRegistry name mochawesome
51 silly mapToRegistry using default registry
52 silly mapToRegistry registry https://registry.npmjs.org/
53 silly mapToRegistry data Result {
53 silly mapToRegistry   raw: 'mochawesome',
53 silly mapToRegistry   scope: null,
53 silly mapToRegistry   escapedName: 'mochawesome',
53 silly mapToRegistry   name: 'mochawesome',
53 silly mapToRegistry   rawSpec: '',
53 silly mapToRegistry   spec: 'latest',
53 silly mapToRegistry   type: 'tag' }
54 silly mapToRegistry uri https://registry.npmjs.org/mochawesome
55 silly fetchNamedPackageData mochawesome-merge
56 silly mapToRegistry name mochawesome-merge
57 silly mapToRegistry using default registry
58 silly mapToRegistry registry https://registry.npmjs.org/
59 silly mapToRegistry data Result {
59 silly mapToRegistry   raw: 'mochawesome-merge',
59 silly mapToRegistry   scope: null,
59 silly mapToRegistry   escapedName: 'mochawesome-merge',
59 silly mapToRegistry   name: 'mochawesome-merge',
59 silly mapToRegistry   rawSpec: '',
59 silly mapToRegistry   spec: 'latest',
59 silly mapToRegistry   type: 'tag' }
60 silly mapToRegistry uri https://registry.npmjs.org/mochawesome-merge
61 silly fetchNamedPackageData mochawesome-report-generator
62 silly mapToRegistry name mochawesome-report-generator
63 silly mapToRegistry using default registry
64 silly mapToRegistry registry https://registry.npmjs.org/
65 silly mapToRegistry data Result {
65 silly mapToRegistry   raw: 'mochawesome-report-generator',
65 silly mapToRegistry   scope: null,
65 silly mapToRegistry   escapedName: 'mochawesome-report-generator',
65 silly mapToRegistry   name: 'mochawesome-report-generator',
65 silly mapToRegistry   rawSpec: '',
65 silly mapToRegistry   spec: 'latest',
65 silly mapToRegistry   type: 'tag' }
66 silly mapToRegistry uri https://registry.npmjs.org/mochawesome-report-generator
67 silly fetchNamedPackageData stylelint
68 silly mapToRegistry name stylelint
69 silly mapToRegistry using default registry
70 silly mapToRegistry registry https://registry.npmjs.org/
71 silly mapToRegistry data Result {
71 silly mapToRegistry   raw: 'stylelint',
71 silly mapToRegistry   scope: null,
71 silly mapToRegistry   escapedName: 'stylelint',
71 silly mapToRegistry   name: 'stylelint',
71 silly mapToRegistry   rawSpec: '',
71 silly mapToRegistry   spec: 'latest',
71 silly mapToRegistry   type: 'tag' }
72 silly mapToRegistry uri https://registry.npmjs.org/stylelint
73 silly fetchNamedPackageData stylelint-config-standard
74 silly mapToRegistry name stylelint-config-standard
75 silly mapToRegistry using default registry
76 silly mapToRegistry registry https://registry.npmjs.org/
77 silly mapToRegistry data Result {
77 silly mapToRegistry   raw: 'stylelint-config-standard',
77 silly mapToRegistry   scope: null,
77 silly mapToRegistry   escapedName: 'stylelint-config-standard',
77 silly mapToRegistry   name: 'stylelint-config-standard',
77 silly mapToRegistry   rawSpec: '',
77 silly mapToRegistry   spec: 'latest',
77 silly mapToRegistry   type: 'tag' }
78 silly mapToRegistry uri https://registry.npmjs.org/stylelint-config-standard
79 verbose request uri https://registry.npmjs.org/cypress
80 verbose request no auth needed
81 info attempt registry request try #1 at 18:05:01
82 verbose request id aed48eafe96d7662
83 verbose etag W/"5a091a04b5d170a0f2a9f6f208ae9ea7"
84 verbose lastModified Tue, 02 Aug 2022 16:55:26 GMT
85 http request GET https://registry.npmjs.org/cypress
86 verbose request uri https://registry.npmjs.org/eslint-config-trybe-fundamentals
87 verbose request no auth needed
88 info attempt registry request try #1 at 18:05:01
89 verbose etag W/"c02f3e9dc78c888e41bded8be45150d7"
90 verbose lastModified Sun, 01 May 2022 15:15:19 GMT
91 http request GET https://registry.npmjs.org/eslint-config-trybe-fundamentals
92 verbose request uri https://registry.npmjs.org/mochawesome-merge
93 verbose request no auth needed
94 info attempt registry request try #1 at 18:05:01
95 verbose etag W/"131f1ea93c823cc428cd23db57d540b2"
96 verbose lastModified Mon, 09 May 2022 14:29:54 GMT
97 http request GET https://registry.npmjs.org/mochawesome-merge
98 verbose request uri https://registry.npmjs.org/cypress-multi-reporters
99 verbose request no auth needed
100 info attempt registry request try #1 at 18:05:01
101 verbose etag W/"f93598ac861ce606291d59f2f53fd58e"
102 verbose lastModified Thu, 09 Jun 2022 01:52:16 GMT
103 http request GET https://registry.npmjs.org/cypress-multi-reporters
104 verbose request uri https://registry.npmjs.org/mochawesome
105 verbose request no auth needed
106 info attempt registry request try #1 at 18:05:01
107 verbose etag W/"fc0bbdb17d63c406fc156fe49207e733"
108 verbose lastModified Mon, 20 Jun 2022 01:54:30 GMT
109 http request GET https://registry.npmjs.org/mochawesome
110 verbose request uri https://registry.npmjs.org/stylelint
111 verbose request no auth needed
112 info attempt registry request try #1 at 18:05:01
113 verbose etag W/"4e10ea7f91900ac25054ba152f694356"
114 verbose lastModified Thu, 11 Aug 2022 02:52:09 GMT
115 http request GET https://registry.npmjs.org/stylelint
116 verbose request uri https://registry.npmjs.org/mocha
117 verbose request no auth needed
118 info attempt registry request try #1 at 18:05:01
119 verbose etag W/"71683f2739f57698f41c026450e89861"
120 verbose lastModified Mon, 20 Jun 2022 01:14:46 GMT
121 http request GET https://registry.npmjs.org/mocha
122 verbose request uri https://registry.npmjs.org/mochawesome-report-generator
123 verbose request no auth needed
124 info attempt registry request try #1 at 18:05:01
125 verbose etag W/"e71d58aa7067fc5fbfda9ac4b60acfa5"
126 verbose lastModified Mon, 20 Jun 2022 01:54:50 GMT
127 http request GET https://registry.npmjs.org/mochawesome-report-generator
128 verbose request uri https://registry.npmjs.org/stylelint-config-standard
129 verbose request no auth needed
130 info attempt registry request try #1 at 18:05:01
131 verbose etag W/"58790a3ea743a414f41fa47bdaef4322"
132 verbose lastModified Thu, 11 Aug 2022 03:15:28 GMT
133 http request GET https://registry.npmjs.org/stylelint-config-standard
134 verbose request uri https://registry.npmjs.org/jest
135 verbose request no auth needed
136 info attempt registry request try #1 at 18:05:01
137 verbose etag W/"016b7a765c5603329e8c9d3a8cfab7d4"
138 verbose lastModified Thu, 11 Aug 2022 13:41:16 GMT
139 http request GET https://registry.npmjs.org/jest
140 http 304 https://registry.npmjs.org/mocha
141 verbose headers { date: 'Wed, 14 Sep 2022 21:05:01 GMT',
141 verbose headers   connection: 'keep-alive',
141 verbose headers   'cf-ray': '74ac14115ceaa617-GRU',
141 verbose headers   age: '31',
141 verbose headers   'cache-control': 'public, max-age=300',
141 verbose headers   etag: '"71683f2739f57698f41c026450e89861"',
141 verbose headers   'last-modified': 'Mon, 20 Jun 2022 01:14:46 GMT',
141 verbose headers   vary: 'Accept-Encoding',
141 verbose headers   'cf-cache-status': 'HIT',
141 verbose headers   'x-amz-replication-status': 'COMPLETED',
141 verbose headers   server: 'cloudflare' }
142 silly get cb [ 304,
142 silly get   { date: 'Wed, 14 Sep 2022 21:05:01 GMT',
142 silly get     connection: 'keep-alive',
142 silly get     'cf-ray': '74ac14115ceaa617-GRU',
142 silly get     age: '31',
142 silly get     'cache-control': 'public, max-age=300',
142 silly get     etag: '"71683f2739f57698f41c026450e89861"',
142 silly get     'last-modified': 'Mon, 20 Jun 2022 01:14:46 GMT',
142 silly get     vary: 'Accept-Encoding',
142 silly get     'cf-cache-status': 'HIT',
142 silly get     'x-amz-replication-status': 'COMPLETED',
142 silly get     server: 'cloudflare' } ]
143 verbose etag https://registry.npmjs.org/mocha from cache
144 verbose get saving mocha to /home/eduardo/.npm/registry.npmjs.org/mocha/.cache.json
145 verbose correctMkdir /home/eduardo/.npm correctMkdir not in flight; initializing
146 http 304 https://registry.npmjs.org/mochawesome
147 verbose headers { date: 'Wed, 14 Sep 2022 21:05:01 GMT',
147 verbose headers   connection: 'keep-alive',
147 verbose headers   'cf-ray': '74ac141158f7a5e3-GRU',
147 verbose headers   age: '174',
147 verbose headers   'cache-control': 'public, max-age=300',
147 verbose headers   etag: '"fc0bbdb17d63c406fc156fe49207e733"',
147 verbose headers   'last-modified': 'Mon, 20 Jun 2022 01:54:30 GMT',
147 verbose headers   vary: 'Accept-Encoding',
147 verbose headers   'cf-cache-status': 'HIT',
147 verbose headers   'x-amz-replication-status': 'COMPLETED',
147 verbose headers   server: 'cloudflare' }
148 silly get cb [ 304,
148 silly get   { date: 'Wed, 14 Sep 2022 21:05:01 GMT',
148 silly get     connection: 'keep-alive',
148 silly get     'cf-ray': '74ac141158f7a5e3-GRU',
148 silly get     age: '174',
148 silly get     'cache-control': 'public, max-age=300',
148 silly get     etag: '"fc0bbdb17d63c406fc156fe49207e733"',
148 silly get     'last-modified': 'Mon, 20 Jun 2022 01:54:30 GMT',
148 silly get     vary: 'Accept-Encoding',
148 silly get     'cf-cache-status': 'HIT',
148 silly get     'x-amz-replication-status': 'COMPLETED',
148 silly get     server: 'cloudflare' } ]
149 verbose etag https://registry.npmjs.org/mochawesome from cache
150 verbose get saving mochawesome to /home/eduardo/.npm/registry.npmjs.org/mochawesome/.cache.json
151 verbose correctMkdir /home/eduardo/.npm correctMkdir not in flight; initializing
152 http 200 https://registry.npmjs.org/stylelint-config-standard
153 verbose headers { date: 'Wed, 14 Sep 2022 21:05:01 GMT',
153 verbose headers   'content-type': 'application/json',
153 verbose headers   'transfer-encoding': 'chunked',
153 verbose headers   connection: 'keep-alive',
153 verbose headers   'cf-ray': '74ac14119d71a5ce-GRU',
153 verbose headers   'access-control-allow-origin': '*',
153 verbose headers   age: '80',
153 verbose headers   'cache-control': 'public, max-age=300',
153 verbose headers   etag: 'W/"d0fe0b523ffc9ec9dd99dcea1a97e389"',
153 verbose headers   'last-modified': 'Sun, 21 Aug 2022 13:50:53 GMT',
153 verbose headers   vary: 'accept-encoding, accept',
153 verbose headers   'cf-cache-status': 'HIT',
153 verbose headers   'x-amz-replication-status': 'COMPLETED',
153 verbose headers   server: 'cloudflare',
153 verbose headers   'content-encoding': 'gzip' }
154 silly get cb [ 200,
154 silly get   { date: 'Wed, 14 Sep 2022 21:05:01 GMT',
154 silly get     'content-type': 'application/json',
154 silly get     'transfer-encoding': 'chunked',
154 silly get     connection: 'keep-alive',
154 silly get     'cf-ray': '74ac14119d71a5ce-GRU',
154 silly get     'access-control-allow-origin': '*',
154 silly get     age: '80',
154 silly get     'cache-control': 'public, max-age=300',
154 silly get     etag: 'W/"d0fe0b523ffc9ec9dd99dcea1a97e389"',
154 silly get     'last-modified': 'Sun, 21 Aug 2022 13:50:53 GMT',
154 silly get     vary: 'accept-encoding, accept',
154 silly get     'cf-cache-status': 'HIT',
154 silly get     'x-amz-replication-status': 'COMPLETED',
154 silly get     server: 'cloudflare',
154 silly get     'content-encoding': 'gzip' } ]
155 verbose get saving stylelint-config-standard to /home/eduardo/.npm/registry.npmjs.org/stylelint-config-standard/.cache.json
156 verbose correctMkdir /home/eduardo/.npm correctMkdir not in flight; initializing
157 silly resolveWithNewModule mochawesome@7.1.3 checking installable status
158 silly cache add args [ 'mochawesome@7.1.3', null ]
159 verbose cache add spec mochawesome@7.1.3
160 silly cache add parsed spec Result {
160 silly cache add   raw: 'mochawesome@7.1.3',
160 silly cache add   scope: null,
160 silly cache add   escapedName: 'mochawesome',
160 silly cache add   name: 'mochawesome',
160 silly cache add   rawSpec: '7.1.3',
160 silly cache add   spec: '7.1.3',
160 silly cache add   type: 'version' }
161 silly addNamed mochawesome@7.1.3
162 verbose addNamed "7.1.3" is a plain semver version for mochawesome
163 silly mapToRegistry name mochawesome
164 silly mapToRegistry using default registry
165 silly mapToRegistry registry https://registry.npmjs.org/
166 silly mapToRegistry data Result {
166 silly mapToRegistry   raw: 'mochawesome',
166 silly mapToRegistry   scope: null,
166 silly mapToRegistry   escapedName: 'mochawesome',
166 silly mapToRegistry   name: 'mochawesome',
166 silly mapToRegistry   rawSpec: '',
166 silly mapToRegistry   spec: 'latest',
166 silly mapToRegistry   type: 'tag' }
167 silly mapToRegistry uri https://registry.npmjs.org/mochawesome
168 verbose addNameVersion registry:https://registry.npmjs.org/mochawesome not in flight; fetching
169 silly resolveWithNewModule mocha@10.0.0 checking installable status
170 verbose get https://registry.npmjs.org/mochawesome not expired, no request
171 silly resolveWithNewModule stylelint-config-standard@28.0.0 checking installable status
172 silly cache add args [ 'stylelint-config-standard@28.0.0', null ]
173 verbose cache add spec stylelint-config-standard@28.0.0
174 silly cache add parsed spec Result {
174 silly cache add   raw: 'stylelint-config-standard@28.0.0',
174 silly cache add   scope: null,
174 silly cache add   escapedName: 'stylelint-config-standard',
174 silly cache add   name: 'stylelint-config-standard',
174 silly cache add   rawSpec: '28.0.0',
174 silly cache add   spec: '28.0.0',
174 silly cache add   type: 'version' }
175 silly addNamed stylelint-config-standard@28.0.0
176 verbose addNamed "28.0.0" is a plain semver version for stylelint-config-standard
177 silly mapToRegistry name stylelint-config-standard
178 silly mapToRegistry using default registry
179 silly mapToRegistry registry https://registry.npmjs.org/
180 silly mapToRegistry data Result {
180 silly mapToRegistry   raw: 'stylelint-config-standard',
180 silly mapToRegistry   scope: null,
180 silly mapToRegistry   escapedName: 'stylelint-config-standard',
180 silly mapToRegistry   name: 'stylelint-config-standard',
180 silly mapToRegistry   rawSpec: '',
180 silly mapToRegistry   spec: 'latest',
180 silly mapToRegistry   type: 'tag' }
181 silly mapToRegistry uri https://registry.npmjs.org/stylelint-config-standard
182 verbose addNameVersion registry:https://registry.npmjs.org/stylelint-config-standard not in flight; fetching
183 verbose get https://registry.npmjs.org/stylelint-config-standard not expired, no request
184 silly mapToRegistry name mochawesome
185 silly mapToRegistry using default registry
186 silly mapToRegistry registry https://registry.npmjs.org/
187 silly mapToRegistry data Result {
187 silly mapToRegistry   raw: 'mochawesome',
187 silly mapToRegistry   scope: null,
187 silly mapToRegistry   escapedName: 'mochawesome',
187 silly mapToRegistry   name: 'mochawesome',
187 silly mapToRegistry   rawSpec: '',
187 silly mapToRegistry   spec: 'latest',
187 silly mapToRegistry   type: 'tag' }
188 silly mapToRegistry uri https://registry.npmjs.org/mochawesome
189 verbose addRemoteTarball https://registry.npmjs.org/mochawesome/-/mochawesome-7.1.3.tgz not in flight; adding
190 verbose addRemoteTarball [ 'https://registry.npmjs.org/mochawesome/-/mochawesome-7.1.3.tgz',
190 verbose addRemoteTarball   '07b358138f37f5b07b51a1b255d84babfa36fa83' ]
191 info retry fetch attempt 1 at 18:05:01
192 info attempt registry request try #1 at 18:05:01
193 http fetch GET https://registry.npmjs.org/mochawesome/-/mochawesome-7.1.3.tgz
194 silly mapToRegistry name stylelint-config-standard
195 silly mapToRegistry using default registry
196 silly mapToRegistry registry https://registry.npmjs.org/
197 silly mapToRegistry data Result {
197 silly mapToRegistry   raw: 'stylelint-config-standard',
197 silly mapToRegistry   scope: null,
197 silly mapToRegistry   escapedName: 'stylelint-config-standard',
197 silly mapToRegistry   name: 'stylelint-config-standard',
197 silly mapToRegistry   rawSpec: '',
197 silly mapToRegistry   spec: 'latest',
197 silly mapToRegistry   type: 'tag' }
198 silly mapToRegistry uri https://registry.npmjs.org/stylelint-config-standard
199 verbose addRemoteTarball https://registry.npmjs.org/stylelint-config-standard/-/stylelint-config-standard-28.0.0.tgz not in flight; adding
200 verbose addRemoteTarball [ 'https://registry.npmjs.org/stylelint-config-standard/-/stylelint-config-standard-28.0.0.tgz',
200 verbose addRemoteTarball   '7e1926c232631a8445eafee7b186d276d42d7b15' ]
201 info retry fetch attempt 1 at 18:05:01
202 info attempt registry request try #1 at 18:05:01
203 http fetch GET https://registry.npmjs.org/stylelint-config-standard/-/stylelint-config-standard-28.0.0.tgz
204 http 304 https://registry.npmjs.org/mochawesome-merge
205 verbose headers { date: 'Wed, 14 Sep 2022 21:05:01 GMT',
205 verbose headers   connection: 'keep-alive',
205 verbose headers   'cf-ray': '74ac14112b7ea4d8-GRU',
205 verbose headers   'cache-control': 'public, max-age=300',
205 verbose headers   etag: '"131f1ea93c823cc428cd23db57d540b2"',
205 verbose headers   'last-modified': 'Mon, 09 May 2022 14:29:54 GMT',
205 verbose headers   vary: 'Accept-Encoding',
205 verbose headers   'cf-cache-status': 'REVALIDATED',
205 verbose headers   'x-amz-replication-status': 'COMPLETED',
205 verbose headers   server: 'cloudflare' }
206 silly get cb [ 304,
206 silly get   { date: 'Wed, 14 Sep 2022 21:05:01 GMT',
206 silly get     connection: 'keep-alive',
206 silly get     'cf-ray': '74ac14112b7ea4d8-GRU',
206 silly get     'cache-control': 'public, max-age=300',
206 silly get     etag: '"131f1ea93c823cc428cd23db57d540b2"',
206 silly get     'last-modified': 'Mon, 09 May 2022 14:29:54 GMT',
206 silly get     vary: 'Accept-Encoding',
206 silly get     'cf-cache-status': 'REVALIDATED',
206 silly get     'x-amz-replication-status': 'COMPLETED',
206 silly get     server: 'cloudflare' } ]
207 verbose etag https://registry.npmjs.org/mochawesome-merge from cache
208 verbose get saving mochawesome-merge to /home/eduardo/.npm/registry.npmjs.org/mochawesome-merge/.cache.json
209 verbose correctMkdir /home/eduardo/.npm correctMkdir not in flight; initializing
210 silly resolveWithNewModule mochawesome-merge@4.2.1 checking installable status
211 http 304 https://registry.npmjs.org/eslint-config-trybe-fundamentals
212 verbose headers { date: 'Wed, 14 Sep 2022 21:05:01 GMT',
212 verbose headers   connection: 'keep-alive',
212 verbose headers   'cf-ray': '74ac14112d98a4d2-GRU',
212 verbose headers   'cache-control': 'public, max-age=300',
212 verbose headers   etag: '"c02f3e9dc78c888e41bded8be45150d7"',
212 verbose headers   'last-modified': 'Sun, 01 May 2022 15:15:19 GMT',
212 verbose headers   vary: 'Accept-Encoding',
212 verbose headers   'cf-cache-status': 'REVALIDATED',
212 verbose headers   'x-amz-replication-status': 'COMPLETED',
212 verbose headers   server: 'cloudflare' }
213 silly get cb [ 304,
213 silly get   { date: 'Wed, 14 Sep 2022 21:05:01 GMT',
213 silly get     connection: 'keep-alive',
213 silly get     'cf-ray': '74ac14112d98a4d2-GRU',
213 silly get     'cache-control': 'public, max-age=300',
213 silly get     etag: '"c02f3e9dc78c888e41bded8be45150d7"',
213 silly get     'last-modified': 'Sun, 01 May 2022 15:15:19 GMT',
213 silly get     vary: 'Accept-Encoding',
213 silly get     'cf-cache-status': 'REVALIDATED',
213 silly get     'x-amz-replication-status': 'COMPLETED',
213 silly get     server: 'cloudflare' } ]
214 verbose etag https://registry.npmjs.org/eslint-config-trybe-fundamentals from cache
215 verbose get saving eslint-config-trybe-fundamentals to /home/eduardo/.npm/registry.npmjs.org/eslint-config-trybe-fundamentals/.cache.json
216 verbose correctMkdir /home/eduardo/.npm correctMkdir not in flight; initializing
217 http fetch 200 https://registry.npmjs.org/mochawesome/-/mochawesome-7.1.3.tgz
218 http fetch 200 https://registry.npmjs.org/stylelint-config-standard/-/stylelint-config-standard-28.0.0.tgz
219 silly fetchAndShaCheck shasum 07b358138f37f5b07b51a1b255d84babfa36fa83
220 silly fetchAndShaCheck shasum 7e1926c232631a8445eafee7b186d276d42d7b15
221 verbose addTmpTarball /tmp/npm-13661-12fb8979/registry.npmjs.org/mochawesome/-/mochawesome-7.1.3.tgz not in flight; adding
222 verbose addTmpTarball already have metadata; skipping unpack for mochawesome@7.1.3
223 verbose correctMkdir /home/eduardo/.npm correctMkdir not in flight; initializing
224 verbose addTmpTarball /tmp/npm-13661-12fb8979/registry.npmjs.org/stylelint-config-standard/-/stylelint-config-standard-28.0.0.tgz not in flight; adding
225 verbose addTmpTarball already have metadata; skipping unpack for stylelint-config-standard@28.0.0
226 verbose correctMkdir /home/eduardo/.npm correctMkdir not in flight; initializing
227 silly resolveWithNewModule eslint-config-trybe-fundamentals@1.1.1 checking installable status
228 silly cache add args [ 'eslint-config-trybe-fundamentals@1.1.1', null ]
229 verbose cache add spec eslint-config-trybe-fundamentals@1.1.1
230 silly cache add parsed spec Result {
230 silly cache add   raw: 'eslint-config-trybe-fundamentals@1.1.1',
230 silly cache add   scope: null,
230 silly cache add   escapedName: 'eslint-config-trybe-fundamentals',
230 silly cache add   name: 'eslint-config-trybe-fundamentals',
230 silly cache add   rawSpec: '1.1.1',
230 silly cache add   spec: '1.1.1',
230 silly cache add   type: 'version' }
231 silly addNamed eslint-config-trybe-fundamentals@1.1.1
232 verbose addNamed "1.1.1" is a plain semver version for eslint-config-trybe-fundamentals
233 silly mapToRegistry name eslint-config-trybe-fundamentals
234 silly mapToRegistry using default registry
235 silly mapToRegistry registry https://registry.npmjs.org/
236 silly mapToRegistry data Result {
236 silly mapToRegistry   raw: 'eslint-config-trybe-fundamentals',
236 silly mapToRegistry   scope: null,
236 silly mapToRegistry   escapedName: 'eslint-config-trybe-fundamentals',
236 silly mapToRegistry   name: 'eslint-config-trybe-fundamentals',
236 silly mapToRegistry   rawSpec: '',
236 silly mapToRegistry   spec: 'latest',
236 silly mapToRegistry   type: 'tag' }
237 silly mapToRegistry uri https://registry.npmjs.org/eslint-config-trybe-fundamentals
238 verbose addNameVersion registry:https://registry.npmjs.org/eslint-config-trybe-fundamentals not in flight; fetching
239 verbose get https://registry.npmjs.org/eslint-config-trybe-fundamentals not expired, no request
240 silly cache afterAdd mochawesome@7.1.3
241 verbose afterAdd /home/eduardo/.npm/mochawesome/7.1.3/package/package.json not in flight; writing
242 verbose correctMkdir /home/eduardo/.npm correctMkdir not in flight; initializing
243 silly cache afterAdd stylelint-config-standard@28.0.0
244 verbose afterAdd /home/eduardo/.npm/stylelint-config-standard/28.0.0/package/package.json not in flight; writing
245 verbose correctMkdir /home/eduardo/.npm correctMkdir not in flight; initializing
246 verbose afterAdd /home/eduardo/.npm/mochawesome/7.1.3/package/package.json written
247 verbose afterAdd /home/eduardo/.npm/stylelint-config-standard/28.0.0/package/package.json written
248 http 304 https://registry.npmjs.org/mochawesome-report-generator
249 verbose headers { date: 'Wed, 14 Sep 2022 21:05:02 GMT',
249 verbose headers   connection: 'keep-alive',
249 verbose headers   'cf-ray': '74ac1411d912a4ef-GRU',
249 verbose headers   'cache-control': 'public, max-age=300',
249 verbose headers   etag: '"e71d58aa7067fc5fbfda9ac4b60acfa5"',
249 verbose headers   'last-modified': 'Mon, 20 Jun 2022 01:54:50 GMT',
249 verbose headers   vary: 'Accept-Encoding',
249 verbose headers   'cf-cache-status': 'REVALIDATED',
249 verbose headers   'x-amz-replication-status': 'COMPLETED',
249 verbose headers   server: 'cloudflare' }
250 silly get cb [ 304,
250 silly get   { date: 'Wed, 14 Sep 2022 21:05:02 GMT',
250 silly get     connection: 'keep-alive',
250 silly get     'cf-ray': '74ac1411d912a4ef-GRU',
250 silly get     'cache-control': 'public, max-age=300',
250 silly get     etag: '"e71d58aa7067fc5fbfda9ac4b60acfa5"',
250 silly get     'last-modified': 'Mon, 20 Jun 2022 01:54:50 GMT',
250 silly get     vary: 'Accept-Encoding',
250 silly get     'cf-cache-status': 'REVALIDATED',
250 silly get     'x-amz-replication-status': 'COMPLETED',
250 silly get     server: 'cloudflare' } ]
251 verbose etag https://registry.npmjs.org/mochawesome-report-generator from cache
252 verbose get saving mochawesome-report-generator to /home/eduardo/.npm/registry.npmjs.org/mochawesome-report-generator/.cache.json
253 verbose correctMkdir /home/eduardo/.npm correctMkdir not in flight; initializing
254 silly resolveWithNewModule mochawesome-report-generator@6.2.0 checking installable status
255 silly cache add args [ 'mochawesome-report-generator@6.2.0', null ]
256 verbose cache add spec mochawesome-report-generator@6.2.0
257 silly cache add parsed spec Result {
257 silly cache add   raw: 'mochawesome-report-generator@6.2.0',
257 silly cache add   scope: null,
257 silly cache add   escapedName: 'mochawesome-report-generator',
257 silly cache add   name: 'mochawesome-report-generator',
257 silly cache add   rawSpec: '6.2.0',
257 silly cache add   spec: '6.2.0',
257 silly cache add   type: 'version' }
258 silly addNamed mochawesome-report-generator@6.2.0
259 verbose addNamed "6.2.0" is a plain semver version for mochawesome-report-generator
260 silly mapToRegistry name mochawesome-report-generator
261 silly mapToRegistry using default registry
262 silly mapToRegistry registry https://registry.npmjs.org/
263 silly mapToRegistry data Result {
263 silly mapToRegistry   raw: 'mochawesome-report-generator',
263 silly mapToRegistry   scope: null,
263 silly mapToRegistry   escapedName: 'mochawesome-report-generator',
263 silly mapToRegistry   name: 'mochawesome-report-generator',
263 silly mapToRegistry   rawSpec: '',
263 silly mapToRegistry   spec: 'latest',
263 silly mapToRegistry   type: 'tag' }
264 silly mapToRegistry uri https://registry.npmjs.org/mochawesome-report-generator
265 verbose addNameVersion registry:https://registry.npmjs.org/mochawesome-report-generator not in flight; fetching
266 verbose get https://registry.npmjs.org/mochawesome-report-generator not expired, no request
267 silly mapToRegistry name mochawesome-report-generator
268 silly mapToRegistry using default registry
269 silly mapToRegistry registry https://registry.npmjs.org/
270 silly mapToRegistry data Result {
270 silly mapToRegistry   raw: 'mochawesome-report-generator',
270 silly mapToRegistry   scope: null,
270 silly mapToRegistry   escapedName: 'mochawesome-report-generator',
270 silly mapToRegistry   name: 'mochawesome-report-generator',
270 silly mapToRegistry   rawSpec: '',
270 silly mapToRegistry   spec: 'latest',
270 silly mapToRegistry   type: 'tag' }
271 silly mapToRegistry uri https://registry.npmjs.org/mochawesome-report-generator
272 verbose addRemoteTarball https://registry.npmjs.org/mochawesome-report-generator/-/mochawesome-report-generator-6.2.0.tgz not in flight; adding
273 verbose addRemoteTarball [ 'https://registry.npmjs.org/mochawesome-report-generator/-/mochawesome-report-generator-6.2.0.tgz',
273 verbose addRemoteTarball   '65a30a11235ba7a68e1cf0ca1df80d764b93ae78' ]
274 silly cache afterAdd eslint-config-trybe-fundamentals@1.1.1
275 verbose afterAdd /home/eduardo/.npm/eslint-config-trybe-fundamentals/1.1.1/package/package.json not in flight; writing
276 verbose correctMkdir /home/eduardo/.npm correctMkdir not in flight; initializing
277 info retry fetch attempt 1 at 18:05:02
278 info attempt registry request try #1 at 18:05:02
279 http fetch GET https://registry.npmjs.org/mochawesome-report-generator/-/mochawesome-report-generator-6.2.0.tgz
280 http 200 https://registry.npmjs.org/stylelint
281 verbose headers { date: 'Wed, 14 Sep 2022 21:05:01 GMT',
281 verbose headers   'content-type': 'application/json',
281 verbose headers   'transfer-encoding': 'chunked',
281 verbose headers   connection: 'keep-alive',
281 verbose headers   'cf-ray': '74ac14117c15a694-GRU',
281 verbose headers   'access-control-allow-origin': '*',
281 verbose headers   age: '199',
281 verbose headers   'cache-control': 'public, max-age=300',
281 verbose headers   etag: 'W/"54b0f2f9d9ca8cede57f97d6c5e7c878"',
281 verbose headers   'last-modified': 'Sun, 21 Aug 2022 13:25:53 GMT',
281 verbose headers   vary: 'accept-encoding, accept',
281 verbose headers   'cf-cache-status': 'HIT',
281 verbose headers   'x-amz-replication-status': 'COMPLETED',
281 verbose headers   server: 'cloudflare',
281 verbose headers   'content-encoding': 'gzip' }
282 silly get cb [ 200,
282 silly get   { date: 'Wed, 14 Sep 2022 21:05:01 GMT',
282 silly get     'content-type': 'application/json',
282 silly get     'transfer-encoding': 'chunked',
282 silly get     connection: 'keep-alive',
282 silly get     'cf-ray': '74ac14117c15a694-GRU',
282 silly get     'access-control-allow-origin': '*',
282 silly get     age: '199',
282 silly get     'cache-control': 'public, max-age=300',
282 silly get     etag: 'W/"54b0f2f9d9ca8cede57f97d6c5e7c878"',
282 silly get     'last-modified': 'Sun, 21 Aug 2022 13:25:53 GMT',
282 silly get     vary: 'accept-encoding, accept',
282 silly get     'cf-cache-status': 'HIT',
282 silly get     'x-amz-replication-status': 'COMPLETED',
282 silly get     server: 'cloudflare',
282 silly get     'content-encoding': 'gzip' } ]
283 verbose get saving stylelint to /home/eduardo/.npm/registry.npmjs.org/stylelint/.cache.json
284 verbose correctMkdir /home/eduardo/.npm correctMkdir not in flight; initializing
285 verbose afterAdd /home/eduardo/.npm/eslint-config-trybe-fundamentals/1.1.1/package/package.json written
286 silly resolveWithNewModule stylelint@14.11.0 checking installable status
287 http 200 https://registry.npmjs.org/cypress
288 verbose headers { date: 'Wed, 14 Sep 2022 21:05:01 GMT',
288 verbose headers   'content-type': 'application/json',
288 verbose headers   'transfer-encoding': 'chunked',
288 verbose headers   connection: 'keep-alive',
288 verbose headers   'cf-ray': '74ac14112ef94b35-GRU',
288 verbose headers   'access-control-allow-origin': '*',
288 verbose headers   age: '174',
288 verbose headers   'cache-control': 'public, max-age=300',
288 verbose headers   etag: 'W/"5c11ccd15a3b9ba53bce7af9a8001ac2"',
288 verbose headers   'last-modified': 'Tue, 13 Sep 2022 18:09:37 GMT',
288 verbose headers   vary: 'accept-encoding, accept',
288 verbose headers   'cf-cache-status': 'HIT',
288 verbose headers   'x-amz-replication-status': 'PENDING',
288 verbose headers   server: 'cloudflare',
288 verbose headers   'content-encoding': 'gzip' }
289 silly get cb [ 200,
289 silly get   { date: 'Wed, 14 Sep 2022 21:05:01 GMT',
289 silly get     'content-type': 'application/json',
289 silly get     'transfer-encoding': 'chunked',
289 silly get     connection: 'keep-alive',
289 silly get     'cf-ray': '74ac14112ef94b35-GRU',
289 silly get     'access-control-allow-origin': '*',
289 silly get     age: '174',
289 silly get     'cache-control': 'public, max-age=300',
289 silly get     etag: 'W/"5c11ccd15a3b9ba53bce7af9a8001ac2"',
289 silly get     'last-modified': 'Tue, 13 Sep 2022 18:09:37 GMT',
289 silly get     vary: 'accept-encoding, accept',
289 silly get     'cf-cache-status': 'HIT',
289 silly get     'x-amz-replication-status': 'PENDING',
289 silly get     server: 'cloudflare',
289 silly get     'content-encoding': 'gzip' } ]
290 verbose get saving cypress to /home/eduardo/.npm/registry.npmjs.org/cypress/.cache.json
291 verbose correctMkdir /home/eduardo/.npm correctMkdir not in flight; initializing
292 silly resolveWithNewModule cypress@10.6.0 checking installable status
293 http fetch 200 https://registry.npmjs.org/mochawesome-report-generator/-/mochawesome-report-generator-6.2.0.tgz
294 http 200 https://registry.npmjs.org/jest
295 verbose headers { date: 'Wed, 14 Sep 2022 21:05:02 GMT',
295 verbose headers   'content-type': 'application/json',
295 verbose headers   'transfer-encoding': 'chunked',
295 verbose headers   connection: 'keep-alive',
295 verbose headers   'cf-ray': '74ac14137bcda672-GRU',
295 verbose headers   'access-control-allow-origin': '*',
295 verbose headers   age: '7',
295 verbose headers   'cache-control': 'public, max-age=300',
295 verbose headers   etag: 'W/"82f80e00e40b629ad740c908046e1286"',
295 verbose headers   'last-modified': 'Sat, 10 Sep 2022 14:42:33 GMT',
295 verbose headers   vary: 'accept-encoding, accept',
295 verbose headers   'cf-cache-status': 'HIT',
295 verbose headers   'x-amz-replication-status': 'COMPLETED',
295 verbose headers   server: 'cloudflare',
295 verbose headers   'content-encoding': 'gzip' }
296 silly get cb [ 200,
296 silly get   { date: 'Wed, 14 Sep 2022 21:05:02 GMT',
296 silly get     'content-type': 'application/json',
296 silly get     'transfer-encoding': 'chunked',
296 silly get     connection: 'keep-alive',
296 silly get     'cf-ray': '74ac14137bcda672-GRU',
296 silly get     'access-control-allow-origin': '*',
296 silly get     age: '7',
296 silly get     'cache-control': 'public, max-age=300',
296 silly get     etag: 'W/"82f80e00e40b629ad740c908046e1286"',
296 silly get     'last-modified': 'Sat, 10 Sep 2022 14:42:33 GMT',
296 silly get     vary: 'accept-encoding, accept',
296 silly get     'cf-cache-status': 'HIT',
296 silly get     'x-amz-replication-status': 'COMPLETED',
296 silly get     server: 'cloudflare',
296 silly get     'content-encoding': 'gzip' } ]
297 verbose get saving jest to /home/eduardo/.npm/registry.npmjs.org/jest/.cache.json
298 verbose correctMkdir /home/eduardo/.npm correctMkdir not in flight; initializing
299 silly resolveWithNewModule jest@28.1.3 checking installable status
300 silly fetchAndShaCheck shasum 65a30a11235ba7a68e1cf0ca1df80d764b93ae78
301 verbose addTmpTarball /tmp/npm-13661-12fb8979/registry.npmjs.org/mochawesome-report-generator/-/mochawesome-report-generator-6.2.0.tgz not in flight; adding
302 verbose addTmpTarball already have metadata; skipping unpack for mochawesome-report-generator@6.2.0
303 verbose correctMkdir /home/eduardo/.npm correctMkdir not in flight; initializing
304 silly cache afterAdd mochawesome-report-generator@6.2.0
305 verbose afterAdd /home/eduardo/.npm/mochawesome-report-generator/6.2.0/package/package.json not in flight; writing
306 verbose correctMkdir /home/eduardo/.npm correctMkdir not in flight; initializing
307 verbose afterAdd /home/eduardo/.npm/mochawesome-report-generator/6.2.0/package/package.json written
308 http 304 https://registry.npmjs.org/cypress-multi-reporters
309 verbose headers { date: 'Wed, 14 Sep 2022 21:05:02 GMT',
309 verbose headers   connection: 'keep-alive',
309 verbose headers   'cf-ray': '74ac14117974a598-GRU',
309 verbose headers   'cache-control': 'public, max-age=300',
309 verbose headers   etag: '"f93598ac861ce606291d59f2f53fd58e"',
309 verbose headers   'last-modified': 'Thu, 09 Jun 2022 01:52:16 GMT',
309 verbose headers   vary: 'Accept-Encoding',
309 verbose headers   'cf-cache-status': 'REVALIDATED',
309 verbose headers   'x-amz-replication-status': 'COMPLETED',
309 verbose headers   server: 'cloudflare' }
310 silly get cb [ 304,
310 silly get   { date: 'Wed, 14 Sep 2022 21:05:02 GMT',
310 silly get     connection: 'keep-alive',
310 silly get     'cf-ray': '74ac14117974a598-GRU',
310 silly get     'cache-control': 'public, max-age=300',
310 silly get     etag: '"f93598ac861ce606291d59f2f53fd58e"',
310 silly get     'last-modified': 'Thu, 09 Jun 2022 01:52:16 GMT',
310 silly get     vary: 'Accept-Encoding',
310 silly get     'cf-cache-status': 'REVALIDATED',
310 silly get     'x-amz-replication-status': 'COMPLETED',
310 silly get     server: 'cloudflare' } ]
311 verbose etag https://registry.npmjs.org/cypress-multi-reporters from cache
312 verbose get saving cypress-multi-reporters to /home/eduardo/.npm/registry.npmjs.org/cypress-multi-reporters/.cache.json
313 verbose correctMkdir /home/eduardo/.npm correctMkdir not in flight; initializing
314 silly resolveWithNewModule cypress-multi-reporters@1.6.1 checking installable status
315 silly cache add args [ 'cypress-multi-reporters@1.6.1', null ]
316 verbose cache add spec cypress-multi-reporters@1.6.1
317 silly cache add parsed spec Result {
317 silly cache add   raw: 'cypress-multi-reporters@1.6.1',
317 silly cache add   scope: null,
317 silly cache add   escapedName: 'cypress-multi-reporters',
317 silly cache add   name: 'cypress-multi-reporters',
317 silly cache add   rawSpec: '1.6.1',
317 silly cache add   spec: '1.6.1',
317 silly cache add   type: 'version' }
318 silly addNamed cypress-multi-reporters@1.6.1
319 verbose addNamed "1.6.1" is a plain semver version for cypress-multi-reporters
320 silly mapToRegistry name cypress-multi-reporters
321 silly mapToRegistry using default registry
322 silly mapToRegistry registry https://registry.npmjs.org/
323 silly mapToRegistry data Result {
323 silly mapToRegistry   raw: 'cypress-multi-reporters',
323 silly mapToRegistry   scope: null,
323 silly mapToRegistry   escapedName: 'cypress-multi-reporters',
323 silly mapToRegistry   name: 'cypress-multi-reporters',
323 silly mapToRegistry   rawSpec: '',
323 silly mapToRegistry   spec: 'latest',
323 silly mapToRegistry   type: 'tag' }
324 silly mapToRegistry uri https://registry.npmjs.org/cypress-multi-reporters
325 verbose addNameVersion registry:https://registry.npmjs.org/cypress-multi-reporters not in flight; fetching
326 verbose get https://registry.npmjs.org/cypress-multi-reporters not expired, no request
327 silly cache afterAdd cypress-multi-reporters@1.6.1
328 verbose afterAdd /home/eduardo/.npm/cypress-multi-reporters/1.6.1/package/package.json not in flight; writing
329 verbose correctMkdir /home/eduardo/.npm correctMkdir not in flight; initializing
330 verbose afterAdd /home/eduardo/.npm/cypress-multi-reporters/1.6.1/package/package.json written
331 silly rollbackFailedOptional Starting
332 silly rollbackFailedOptional Finishing
333 silly runTopLevelLifecycles Finishing
334 silly install printInstalled
335 verbose stack Error: Unsupported engine for mocha@10.0.0: wanted: {"node":">= 14.0.0"} (current: {"node":"6.17.1","npm":"3.10.10"})
335 verbose stack     at checkEngine (/home/eduardo/.nvm/versions/node/v6.17.1/lib/node_modules/npm/node_modules/npm-install-checks/index.js:13:14)
335 verbose stack     at module.exports.isInstallable (/home/eduardo/.nvm/versions/node/v6.17.1/lib/node_modules/npm/lib/install/validate-args.js:38:3)
335 verbose stack     at resolveWithNewModule (/home/eduardo/.nvm/versions/node/v6.17.1/lib/node_modules/npm/lib/install/deps.js:511:10)
335 verbose stack     at /home/eduardo/.nvm/versions/node/v6.17.1/lib/node_modules/npm/lib/install/deps.js:454:9
335 verbose stack     at /home/eduardo/.nvm/versions/node/v6.17.1/lib/node_modules/npm/node_modules/iferr/index.js:13:50
335 verbose stack     at /home/eduardo/.nvm/versions/node/v6.17.1/lib/node_modules/npm/lib/fetch-package-metadata.js:37:12
335 verbose stack     at addRequestedAndFinish (/home/eduardo/.nvm/versions/node/v6.17.1/lib/node_modules/npm/lib/fetch-package-metadata.js:67:5)
335 verbose stack     at returnAndAddMetadata (/home/eduardo/.nvm/versions/node/v6.17.1/lib/node_modules/npm/lib/fetch-package-metadata.js:121:7)
335 verbose stack     at pickVersionFromRegistryDocument (/home/eduardo/.nvm/versions/node/v6.17.1/lib/node_modules/npm/lib/fetch-package-metadata.js:146:20)
335 verbose stack     at /home/eduardo/.nvm/versions/node/v6.17.1/lib/node_modules/npm/node_modules/iferr/index.js:13:50
336 verbose pkgid mocha@10.0.0
337 verbose cwd /home/eduardo/trybe/projetos/modulo 2/projeto-9/sd-025-b-project-shopping-cart
338 error Linux 5.15.0-47-generic
339 error argv "/home/eduardo/.nvm/versions/node/v6.17.1/bin/node" "/home/eduardo/.nvm/versions/node/v6.17.1/bin/npm" "install"
340 error node v6.17.1
341 error npm  v3.10.10
342 error code ENOTSUP
343 error notsup Unsupported engine for mocha@10.0.0: wanted: {"node":">= 14.0.0"} (current: {"node":"6.17.1","npm":"3.10.10"})
344 error notsup Not compatible with your version of node/npm: mocha@10.0.0
345 error notsup Not compatible with your version of node/npm: mocha@10.0.0
345 error notsup Required: {"node":">= 14.0.0"}
345 error notsup Actual:   {"npm":"3.10.10","node":"6.17.1"}
346 verbose exit [ 1, true ]
